<?xml version="1.0" encoding="UTF-8"?>
<Site BuildName="(empty)"
	BuildStamp="20240531-1042-Experimental"
	Name="oxo"
	Generator="ctest-3.16.3"
	CompilerName="/usr/bin/c++"
	CompilerVersion="9.4.0"
	OSName="Linux"
	Hostname="oxo"
	OSRelease="5.15.0-107-generic"
	OSVersion="#117~20.04.1-Ubuntu SMP Tue Apr 30 10:35:57 UTC 2024"
	OSPlatform="x86_64"
	Is64Bits="1"
	VendorString="GenuineIntel"
	VendorID="Intel Corporation"
	FamilyID="6"
	ModelID="183"
	ProcessorCacheSize="36864"
	NumberOfLogicalCPU="32"
	NumberOfPhysicalCPU="24"
	TotalVirtualMemory="2047"
	TotalPhysicalMemory="64100"
	LogicalProcessorsPerPhysical="1"
	ProcessorClockFrequency="3557.72"
	>
	<Testing>
		<StartDateTime>May 31 21:10 CEST</StartDateTime>
		<StartTestTime>1717182620</StartTestTime>
		<TestList/>
		<EndDateTime>May 31 21:10 CEST</EndDateTime>
		<EndTestTime>1717182620</EndTestTime>
		<ElapsedMinutes>0</ElapsedMinutes>
	</Testing>
</Site>
